2025-09-29 22:01:50,494 - INFO - Successfully connected to database: mt5_trades.db
2025-09-29 22:01:50,517 - INFO - Table 'entries' checked/created successfully.
2025-09-29 22:01:50,770 - INFO - Successfully connected to database: mt5_trades.db
2025-09-29 22:01:50,773 - INFO - Table 'entries' checked/created successfully.
2025-09-29 22:01:50,777 - INFO - ==================================================
2025-09-29 22:01:50,778 - INFO - Starting M2 EMA Trading Bot (Magic: 25)
2025-09-29 22:01:50,778 - INFO - Symbol: GOLD#
2025-09-29 22:01:50,779 - INFO - SL: 300 points, TP: 2700 points
2025-09-29 22:01:50,779 - INFO - Max positions: 1
2025-09-29 22:01:50,779 - INFO - Trading hours: 20:00-12:00
2025-09-29 22:01:50,779 - INFO - ==================================================
2025-09-29 22:01:50,780 - INFO - Connecting to MetaTrader 5...
2025-09-29 22:01:50,816 - INFO - MetaTrader5 connected: Version (500, 5320, '26 Sep 2025')
2025-09-29 22:01:50,818 - INFO - Trailing stop thread started
2025-09-29 22:01:50,818 - INFO - Starting main trading loop...
2025-09-29 22:01:50,830 - INFO - EMAs calculated - Price: 3824.77, 20EMA: 3822.42, 200EMA: 3816.18, 21EMA: 3822.87
2025-09-29 22:01:50,831 - INFO - Distances - 20EMA: 235 points, 200EMA: 859 points
2025-09-29 22:01:50,831 - INFO - Signal: HOLD, Reason: ❌ Distance thresholds not met (20EMA: 235/130, 200EMA: 859/1400)
2025-09-29 22:01:50,832 - INFO - Performance: 0:00:00 uptime, 0 trades, 0.00% success
2025-09-29 22:01:50,832 - INFO - Waiting 9 seconds for next candle
2025-09-29 22:01:51,384 - INFO - Successfully connected to database: mt5_trades.db
2025-09-29 22:01:51,390 - INFO - Table 'entries' checked/created successfully.
2025-09-29 22:01:51,588 - INFO - Successfully connected to database: mt5_trades.db
2025-09-29 22:01:51,590 - INFO - Table 'entries' checked/created successfully.
2025-09-29 22:01:51,592 - INFO - ==================================================
2025-09-29 22:01:51,593 - INFO - Starting M2 EMA Trading Bot (Magic: 26)
2025-09-29 22:01:51,593 - INFO - Symbol: GOLD#
2025-09-29 22:01:51,593 - INFO - SL: 300 points, TP: 600 points
2025-09-29 22:01:51,594 - INFO - Max positions: 1
2025-09-29 22:01:51,594 - INFO - Trading hours: 20:00-12:00
2025-09-29 22:01:51,594 - INFO - ==================================================
2025-09-29 22:01:51,594 - INFO - Connecting to MetaTrader 5...
2025-09-29 22:01:51,621 - INFO - MetaTrader5 connected: Version (500, 5320, '26 Sep 2025')
2025-09-29 22:01:51,622 - INFO - Trailing stop thread started
2025-09-29 22:01:51,622 - INFO - Starting main trading loop...
2025-09-29 22:01:51,631 - INFO - EMAs calculated - Price: 3824.84, 20EMA: 3822.43, 200EMA: 3816.18, 21EMA: 3822.89
2025-09-29 22:01:51,632 - INFO - Distances - 20EMA: 241 points, 200EMA: 866 points
2025-09-29 22:01:51,632 - INFO - Signal: HOLD, Reason: ❌ Distance thresholds not met (20EMA: 241/130, 200EMA: 866/1400)
2025-09-29 22:01:51,632 - INFO - Performance: 0:00:00 uptime, 0 trades, 0.00% success
2025-09-29 22:01:51,632 - INFO - Waiting 8 seconds for next candle
2025-09-29 22:02:00,061 - INFO - EMAs calculated - Price: 3824.79, 20EMA: 3822.43, 200EMA: 3816.18, 21EMA: 3822.88
2025-09-29 22:02:00,174 - INFO - Distances - 20EMA: 236 points, 200EMA: 861 points
2025-09-29 22:02:00,127 - INFO - EMAs calculated - Price: 3824.79, 20EMA: 3822.43, 200EMA: 3816.18, 21EMA: 3822.88
2025-09-29 22:02:00,230 - INFO - Signal: HOLD, Reason: ❌ Distance thresholds not met (20EMA: 236/130, 200EMA: 861/1400)
2025-09-29 22:02:00,233 - INFO - Performance: 0:00:09 uptime, 0 trades, 0.00% success
2025-09-29 22:02:00,234 - INFO - Waiting 120 seconds for next candle
2025-09-29 22:02:00,293 - INFO - Distances - 20EMA: 236 points, 200EMA: 861 points
2025-09-29 22:02:00,314 - INFO - Signal: HOLD, Reason: ❌ Distance thresholds not met (20EMA: 236/130, 200EMA: 861/1400)
2025-09-29 22:02:00,339 - INFO - Performance: 0:00:08 uptime, 0 trades, 0.00% success
2025-09-29 22:02:00,403 - INFO - Waiting 120 seconds for next candle
2025-09-29 22:02:09,147 - INFO - Successfully connected to database: mt5_trades.db
2025-09-29 22:02:09,152 - INFO - Table 'entries' checked/created successfully.
2025-09-29 22:02:09,328 - INFO - Successfully connected to database: mt5_trades.db
2025-09-29 22:02:09,330 - INFO - Table 'entries' checked/created successfully.
2025-09-29 22:02:09,331 - INFO - ==================================================
2025-09-29 22:02:09,331 - INFO - Starting M2 EMA Trading Bot (Magic: 1)
2025-09-29 22:02:09,332 - INFO - Symbol: GOLD#
2025-09-29 22:02:09,332 - INFO - SL: 300 points, TP: 2700 points
2025-09-29 22:02:09,332 - INFO - Max positions: 1
2025-09-29 22:02:09,332 - INFO - Trading hours: 20:00-12:00
2025-09-29 22:02:09,332 - INFO - ==================================================
2025-09-29 22:02:09,333 - INFO - Connecting to MetaTrader 5...
2025-09-29 22:02:09,364 - INFO - MetaTrader5 connected: Version (500, 5320, '26 Sep 2025')
2025-09-29 22:02:09,365 - INFO - Trailing stop thread started
2025-09-29 22:02:09,365 - INFO - Starting main trading loop...
2025-09-29 22:02:09,375 - INFO - EMAs calculated - Price: 3824.96, 20EMA: 3822.66, 200EMA: 3816.26, 21EMA: 3823.38
2025-09-29 22:02:09,376 - INFO - Distances - 20EMA: 230 points, 200EMA: 870 points
2025-09-29 22:02:09,376 - INFO - Signal: HOLD, Reason: ❌ Distance thresholds not met (20EMA: 230/130, 200EMA: 870/1400)
2025-09-29 22:02:09,377 - INFO - Candle range for GOLD# H1 is 594 points (<= 1100). Tradeable.
2025-09-29 22:02:09,378 - INFO - Candle range for GOLD# H4 is 1879 points (> 1800). Not tradeable.
2025-09-29 22:02:09,379 - INFO - H4 candle range not tradeable. Holding.
2025-09-29 22:02:10,146 - INFO - Successfully connected to database: mt5_trades.db
2025-09-29 22:02:10,251 - INFO - Table 'entries' checked/created successfully.
2025-09-29 22:02:10,645 - INFO - Successfully connected to database: mt5_trades.db
2025-09-29 22:02:10,650 - INFO - Table 'entries' checked/created successfully.
2025-09-29 22:02:10,667 - INFO - ==================================================
2025-09-29 22:02:10,676 - INFO - Starting M2 EMA Trading Bot (Magic: 2)
2025-09-29 22:02:10,682 - INFO - Symbol: GOLD#
2025-09-29 22:02:10,689 - INFO - SL: 300 points, TP: 600 points
2025-09-29 22:02:10,703 - INFO - Max positions: 1
2025-09-29 22:02:10,715 - INFO - Trading hours: 20:00-12:00
2025-09-29 22:02:10,722 - INFO - ==================================================
2025-09-29 22:02:10,733 - INFO - Connecting to MetaTrader 5...
2025-09-29 22:02:10,841 - INFO - MetaTrader5 connected: Version (500, 5320, '26 Sep 2025')
2025-09-29 22:02:10,886 - INFO - Trailing stop thread started
2025-09-29 22:02:10,896 - INFO - Starting main trading loop...
2025-09-29 22:02:10,922 - INFO - EMAs calculated - Price: 3824.97, 20EMA: 3822.66, 200EMA: 3816.26, 21EMA: 3823.38
2025-09-29 22:02:10,931 - INFO - Distances - 20EMA: 231 points, 200EMA: 871 points
2025-09-29 22:02:10,933 - INFO - Signal: HOLD, Reason: ❌ Distance thresholds not met (20EMA: 231/130, 200EMA: 871/1400)
2025-09-29 22:02:10,934 - INFO - Candle range for GOLD# H1 is 594 points (<= 1100). Tradeable.
2025-09-29 22:02:10,962 - INFO - Candle range for GOLD# H4 is 1879 points (> 1800). Not tradeable.
2025-09-29 22:02:10,988 - INFO - H4 candle range not tradeable. Holding.
2025-09-29 22:03:09,388 - INFO - EMAs calculated - Price: 3824.52, 20EMA: 3822.62, 200EMA: 3816.26, 21EMA: 3823.27
2025-09-29 22:03:09,389 - INFO - Distances - 20EMA: 190 points, 200EMA: 826 points
2025-09-29 22:03:09,389 - INFO - Signal: HOLD, Reason: ❌ Distance thresholds not met (20EMA: 190/130, 200EMA: 826/1400)
2025-09-29 22:03:09,389 - INFO - Candle range for GOLD# H1 is 735 points (<= 1100). Tradeable.
2025-09-29 22:03:09,390 - INFO - Candle range for GOLD# H4 is 1879 points (> 1800). Not tradeable.
2025-09-29 22:03:09,390 - INFO - H4 candle range not tradeable. Holding.
2025-09-29 22:03:11,438 - INFO - EMAs calculated - Price: 3824.25, 20EMA: 3822.59, 200EMA: 3816.26, 21EMA: 3823.20
2025-09-29 22:03:11,667 - INFO - Distances - 20EMA: 166 points, 200EMA: 799 points
2025-09-29 22:03:11,668 - INFO - Signal: HOLD, Reason: ❌ Distance thresholds not met (20EMA: 166/130, 200EMA: 799/1400)
2025-09-29 22:03:11,669 - INFO - Candle range for GOLD# H1 is 735 points (<= 1100). Tradeable.
2025-09-29 22:03:11,670 - INFO - Candle range for GOLD# H4 is 1879 points (> 1800). Not tradeable.
2025-09-29 22:03:11,670 - INFO - H4 candle range not tradeable. Holding.
